<?xml version="1.0" encoding="UTF-8"?>
<testng-results skipped="0" failed="2" total="357" passed="355">
  <reporter-output>
  </reporter-output>
  <suite name="Default suite" duration-ms="578294" started-at="2018-04-16T02:15:41Z" finished-at="2018-04-16T02:25:19Z">
    <groups>
    </groups>
    <test name="Default test" duration-ms="578294" started-at="2018-04-16T02:15:41Z" finished-at="2018-04-16T02:25:19Z">
      <class name="com.testing.XeroAutomationSelenium.TestScriptsXero">
        <test-method status="PASS" signature="BeforeTest()[pri:0, instance:com.testing.XeroAutomationSelenium.TestScriptsXero@6e06451e]" name="BeforeTest" is-config="true" duration-ms="245" started-at="2018-04-15T19:15:41Z" finished-at="2018-04-15T19:15:41Z">
          <reporter-output>
          </reporter-output>
        </test-method> <!-- BeforeTest -->
        <test-method status="PASS" signature="IncorrectEmail_ID01C(java.lang.String, java.lang.String, java.lang.String)[pri:0, instance:com.testing.XeroAutomationSelenium.TestScriptsXero@6e06451e]" name="IncorrectEmail_ID01C" duration-ms="5" started-at="2018-04-15T19:15:41Z" data-provider="getDataFromExcel" finished-at="2018-04-15T19:15:41Z">
          <params>
            <param index="0">
              <value is-null="true"/>
            </param>
            <param index="1">
              <value is-null="true"/>
            </param>
            <param index="2">
              <value is-null="true"/>
            </param>
          </params>
          <reporter-output>
          </reporter-output>
        </test-method> <!-- IncorrectEmail_ID01C -->
        <test-method status="PASS" signature="IncorrectEmail_ID01C(java.lang.String, java.lang.String, java.lang.String)[pri:0, instance:com.testing.XeroAutomationSelenium.TestScriptsXero@6e06451e]" name="IncorrectEmail_ID01C" duration-ms="2" started-at="2018-04-15T19:15:41Z" data-provider="getDataFromExcel" finished-at="2018-04-15T19:15:41Z">
          <params>
            <param index="0">
              <value>
                <![CDATA[NavigatetoXero_ID01A]]>
              </value>
            </param>
            <param index="1">
              <value>
                <![CDATA[Opera]]>
              </value>
            </param>
            <param index="2">
              <value>
                <![CDATA[Y]]>
              </value>
            </param>
          </params>
          <reporter-output>
          </reporter-output>
        </test-method> <!-- IncorrectEmail_ID01C -->
        <test-method status="PASS" signature="IncorrectEmail_ID01C(java.lang.String, java.lang.String, java.lang.String)[pri:0, instance:com.testing.XeroAutomationSelenium.TestScriptsXero@6e06451e]" name="IncorrectEmail_ID01C" duration-ms="1" started-at="2018-04-15T19:15:41Z" data-provider="getDataFromExcel" finished-at="2018-04-15T19:15:41Z">
          <params>
            <param index="0">
              <value>
                <![CDATA[NavigatetoXero_ID01A]]>
              </value>
            </param>
            <param index="1">
              <value>
                <![CDATA[Chrome]]>
              </value>
            </param>
            <param index="2">
              <value>
                <![CDATA[Y]]>
              </value>
            </param>
          </params>
          <reporter-output>
          </reporter-output>
        </test-method> <!-- IncorrectEmail_ID01C -->
        <test-method status="PASS" signature="IncorrectEmail_ID01C(java.lang.String, java.lang.String, java.lang.String)[pri:0, instance:com.testing.XeroAutomationSelenium.TestScriptsXero@6e06451e]" name="IncorrectEmail_ID01C" duration-ms="1" started-at="2018-04-15T19:15:41Z" data-provider="getDataFromExcel" finished-at="2018-04-15T19:15:41Z">
          <params>
            <param index="0">
              <value>
                <![CDATA[IncorrectPassword_ID01B]]>
              </value>
            </param>
            <param index="1">
              <value>
                <![CDATA[Opera]]>
              </value>
            </param>
            <param index="2">
              <value>
                <![CDATA[Y]]>
              </value>
            </param>
          </params>
          <reporter-output>
          </reporter-output>
        </test-method> <!-- IncorrectEmail_ID01C -->
        <test-method status="PASS" signature="IncorrectEmail_ID01C(java.lang.String, java.lang.String, java.lang.String)[pri:0, instance:com.testing.XeroAutomationSelenium.TestScriptsXero@6e06451e]" name="IncorrectEmail_ID01C" duration-ms="9956" started-at="2018-04-15T19:15:41Z" data-provider="getDataFromExcel" finished-at="2018-04-15T19:15:51Z">
          <params>
            <param index="0">
              <value>
                <![CDATA[IncorrectEmail_ID01C]]>
              </value>
            </param>
            <param index="1">
              <value>
                <![CDATA[FF]]>
              </value>
            </param>
            <param index="2">
              <value>
                <![CDATA[Y]]>
              </value>
            </param>
          </params>
          <reporter-output>
          </reporter-output>
        </test-method> <!-- IncorrectEmail_ID01C -->
        <test-method status="PASS" signature="IncorrectEmail_ID01C(java.lang.String, java.lang.String, java.lang.String)[pri:0, instance:com.testing.XeroAutomationSelenium.TestScriptsXero@6e06451e]" name="IncorrectEmail_ID01C" duration-ms="1" started-at="2018-04-15T19:15:51Z" data-provider="getDataFromExcel" finished-at="2018-04-15T19:15:51Z">
          <params>
            <param index="0">
              <value>
                <![CDATA[NavigateToXero_ID01D]]>
              </value>
            </param>
            <param index="1">
              <value>
                <![CDATA[FF]]>
              </value>
            </param>
            <param index="2">
              <value>
                <![CDATA[Y]]>
              </value>
            </param>
          </params>
          <reporter-output>
          </reporter-output>
        </test-method> <!-- IncorrectEmail_ID01C -->
        <test-method status="PASS" signature="IncorrectEmail_ID01C(java.lang.String, java.lang.String, java.lang.String)[pri:0, instance:com.testing.XeroAutomationSelenium.TestScriptsXero@6e06451e]" name="IncorrectEmail_ID01C" duration-ms="3" started-at="2018-04-15T19:15:51Z" data-provider="getDataFromExcel" finished-at="2018-04-15T19:15:51Z">
          <params>
            <param index="0">
              <value>
                <![CDATA[signUpToXDC_ID02A]]>
              </value>
            </param>
            <param index="1">
              <value>
                <![CDATA[Chrome]]>
              </value>
            </param>
            <param index="2">
              <value>
                <![CDATA[N]]>
              </value>
            </param>
          </params>
          <reporter-output>
          </reporter-output>
        </test-method> <!-- IncorrectEmail_ID01C -->
        <test-method status="PASS" signature="IncorrectEmail_ID01C(java.lang.String, java.lang.String, java.lang.String)[pri:0, instance:com.testing.XeroAutomationSelenium.TestScriptsXero@6e06451e]" name="IncorrectEmail_ID01C" duration-ms="1" started-at="2018-04-15T19:15:51Z" data-provider="getDataFromExcel" finished-at="2018-04-15T19:15:51Z">
          <params>
            <param index="0">
              <value>
                <![CDATA[signUpToXDC_ID02B]]>
              </value>
            </param>
            <param index="1">
              <value>
                <![CDATA[FF]]>
              </value>
            </param>
            <param index="2">
              <value>
                <![CDATA[N]]>
              </value>
            </param>
          </params>
          <reporter-output>
          </reporter-output>
        </test-method> <!-- IncorrectEmail_ID01C -->
        <test-method status="PASS" signature="IncorrectEmail_ID01C(java.lang.String, java.lang.String, java.lang.String)[pri:0, instance:com.testing.XeroAutomationSelenium.TestScriptsXero@6e06451e]" name="IncorrectEmail_ID01C" duration-ms="1" started-at="2018-04-15T19:15:51Z" data-provider="getDataFromExcel" finished-at="2018-04-15T19:15:51Z">
          <params>
            <param index="0">
              <value>
                <![CDATA[signUpToXDC_ID02C]]>
              </value>
            </param>
            <param index="1">
              <value>
                <![CDATA[FF]]>
              </value>
            </param>
            <param index="2">
              <value>
                <![CDATA[Y]]>
              </value>
            </param>
          </params>
          <reporter-output>
          </reporter-output>
        </test-method> <!-- IncorrectEmail_ID01C -->
        <test-method status="PASS" signature="IncorrectEmail_ID01C(java.lang.String, java.lang.String, java.lang.String)[pri:0, instance:com.testing.XeroAutomationSelenium.TestScriptsXero@6e06451e]" name="IncorrectEmail_ID01C" duration-ms="1" started-at="2018-04-15T19:15:51Z" data-provider="getDataFromExcel" finished-at="2018-04-15T19:15:51Z">
          <params>
            <param index="0">
              <value>
                <![CDATA[signUpToXDC_ID02D]]>
              </value>
            </param>
            <param index="1">
              <value>
                <![CDATA[FF]]>
              </value>
            </param>
            <param index="2">
              <value>
                <![CDATA[Y]]>
              </value>
            </param>
          </params>
          <reporter-output>
          </reporter-output>
        </test-method> <!-- IncorrectEmail_ID01C -->
        <test-method status="PASS" signature="IncorrectEmail_ID01C(java.lang.String, java.lang.String, java.lang.String)[pri:0, instance:com.testing.XeroAutomationSelenium.TestScriptsXero@6e06451e]" name="IncorrectEmail_ID01C" duration-ms="1" started-at="2018-04-15T19:15:51Z" data-provider="getDataFromExcel" finished-at="2018-04-15T19:15:51Z">
          <params>
            <param index="0">
              <value>
                <![CDATA[signUpToXDC_ID02E]]>
              </value>
            </param>
            <param index="1">
              <value>
                <![CDATA[FF]]>
              </value>
            </param>
            <param index="2">
              <value>
                <![CDATA[Y]]>
              </value>
            </param>
          </params>
          <reporter-output>
          </reporter-output>
        </test-method> <!-- IncorrectEmail_ID01C -->
        <test-method status="PASS" signature="IncorrectEmail_ID01C(java.lang.String, java.lang.String, java.lang.String)[pri:0, instance:com.testing.XeroAutomationSelenium.TestScriptsXero@6e06451e]" name="IncorrectEmail_ID01C" duration-ms="1" started-at="2018-04-15T19:15:51Z" data-provider="getDataFromExcel" finished-at="2018-04-15T19:15:51Z">
          <params>
            <param index="0">
              <value>
                <![CDATA[testAllTabsPage_ID03A]]>
              </value>
            </param>
            <param index="1">
              <value>
                <![CDATA[FF]]>
              </value>
            </param>
            <param index="2">
              <value>
                <![CDATA[Y]]>
              </value>
            </param>
          </params>
          <reporter-output>
          </reporter-output>
        </test-method> <!-- IncorrectEmail_ID01C -->
        <test-method status="PASS" signature="IncorrectEmail_ID01C(java.lang.String, java.lang.String, java.lang.String)[pri:0, instance:com.testing.XeroAutomationSelenium.TestScriptsXero@6e06451e]" name="IncorrectEmail_ID01C" duration-ms="2" started-at="2018-04-15T19:15:51Z" data-provider="getDataFromExcel" finished-at="2018-04-15T19:15:51Z">
          <params>
            <param index="0">
              <value>
                <![CDATA[logoutFuctionality_ID04A]]>
              </value>
            </param>
            <param index="1">
              <value>
                <![CDATA[FF]]>
              </value>
            </param>
            <param index="2">
              <value>
                <![CDATA[Y]]>
              </value>
            </param>
          </params>
          <reporter-output>
          </reporter-output>
        </test-method> <!-- IncorrectEmail_ID01C -->
        <test-method status="PASS" signature="IncorrectEmail_ID01C(java.lang.String, java.lang.String, java.lang.String)[pri:0, instance:com.testing.XeroAutomationSelenium.TestScriptsXero@6e06451e]" name="IncorrectEmail_ID01C" duration-ms="1" started-at="2018-04-15T19:15:51Z" data-provider="getDataFromExcel" finished-at="2018-04-15T19:15:51Z">
          <params>
            <param index="0">
              <value>
                <![CDATA[uploadProfileImage_ID06A]]>
              </value>
            </param>
            <param index="1">
              <value>
                <![CDATA[FF]]>
              </value>
            </param>
            <param index="2">
              <value>
                <![CDATA[Y]]>
              </value>
            </param>
          </params>
          <reporter-output>
          </reporter-output>
        </test-method> <!-- IncorrectEmail_ID01C -->
        <test-method status="PASS" signature="IncorrectEmail_ID01C(java.lang.String, java.lang.String, java.lang.String)[pri:0, instance:com.testing.XeroAutomationSelenium.TestScriptsXero@6e06451e]" name="IncorrectEmail_ID01C" duration-ms="1" started-at="2018-04-15T19:15:51Z" data-provider="getDataFromExcel" finished-at="2018-04-15T19:15:51Z">
          <params>
            <param index="0">
              <value>
                <![CDATA[addOrganizationTrial_ID08A]]>
              </value>
            </param>
            <param index="1">
              <value>
                <![CDATA[FF]]>
              </value>
            </param>
            <param index="2">
              <value>
                <![CDATA[Y]]>
              </value>
            </param>
          </params>
          <reporter-output>
          </reporter-output>
        </test-method> <!-- IncorrectEmail_ID01C -->
        <test-method status="PASS" signature="IncorrectEmail_ID01C(java.lang.String, java.lang.String, java.lang.String)[pri:0, instance:com.testing.XeroAutomationSelenium.TestScriptsXero@6e06451e]" name="IncorrectEmail_ID01C" duration-ms="1" started-at="2018-04-15T19:15:51Z" data-provider="getDataFromExcel" finished-at="2018-04-15T19:15:51Z">
          <params>
            <param index="0">
              <value>
                <![CDATA[addOrganizationPaid_ID08B]]>
              </value>
            </param>
            <param index="1">
              <value>
                <![CDATA[FF]]>
              </value>
            </param>
            <param index="2">
              <value>
                <![CDATA[Y]]>
              </value>
            </param>
          </params>
          <reporter-output>
          </reporter-output>
        </test-method> <!-- IncorrectEmail_ID01C -->
        <test-method status="PASS" signature="IncorrectEmail_ID01C(java.lang.String, java.lang.String, java.lang.String)[pri:0, instance:com.testing.XeroAutomationSelenium.TestScriptsXero@6e06451e]" name="IncorrectEmail_ID01C" duration-ms="1" started-at="2018-04-15T19:15:51Z" data-provider="getDataFromExcel" finished-at="2018-04-15T19:15:51Z">
          <params>
            <param index="0">
              <value>
                <![CDATA[addOrganizationStarterPlan_ID08C]]>
              </value>
            </param>
            <param index="1">
              <value>
                <![CDATA[FF]]>
              </value>
            </param>
            <param index="2">
              <value>
                <![CDATA[Y]]>
              </value>
            </param>
          </params>
          <reporter-output>
          </reporter-output>
        </test-method> <!-- IncorrectEmail_ID01C -->
        <test-method status="PASS" signature="IncorrectEmail_ID01C(java.lang.String, java.lang.String, java.lang.String)[pri:0, instance:com.testing.XeroAutomationSelenium.TestScriptsXero@6e06451e]" name="IncorrectEmail_ID01C" duration-ms="2" started-at="2018-04-15T19:15:51Z" data-provider="getDataFromExcel" finished-at="2018-04-15T19:15:51Z">
          <params>
            <param index="0">
              <value>
                <![CDATA[addOrganizationStandardPlan_ID08D]]>
              </value>
            </param>
            <param index="1">
              <value>
                <![CDATA[FF]]>
              </value>
            </param>
            <param index="2">
              <value>
                <![CDATA[Y]]>
              </value>
            </param>
          </params>
          <reporter-output>
          </reporter-output>
        </test-method> <!-- IncorrectEmail_ID01C -->
        <test-method status="PASS" signature="IncorrectEmail_ID01C(java.lang.String, java.lang.String, java.lang.String)[pri:0, instance:com.testing.XeroAutomationSelenium.TestScriptsXero@6e06451e]" name="IncorrectEmail_ID01C" duration-ms="1" started-at="2018-04-15T19:15:51Z" data-provider="getDataFromExcel" finished-at="2018-04-15T19:15:51Z">
          <params>
            <param index="0">
              <value>
                <![CDATA[addOrganizationPremiumPlan_ID08E]]>
              </value>
            </param>
            <param index="1">
              <value>
                <![CDATA[FF]]>
              </value>
            </param>
            <param index="2">
              <value>
                <![CDATA[Y]]>
              </value>
            </param>
          </params>
          <reporter-output>
          </reporter-output>
        </test-method> <!-- IncorrectEmail_ID01C -->
        <test-method status="PASS" signature="IncorrectEmail_ID01C(java.lang.String, java.lang.String, java.lang.String)[pri:0, instance:com.testing.XeroAutomationSelenium.TestScriptsXero@6e06451e]" name="IncorrectEmail_ID01C" duration-ms="1" started-at="2018-04-15T19:15:51Z" data-provider="getDataFromExcel" finished-at="2018-04-15T19:15:51Z">
          <params>
            <param index="0">
              <value>
                <![CDATA[addOrganizationQuickBooks_ID08F]]>
              </value>
            </param>
            <param index="1">
              <value>
                <![CDATA[FF]]>
              </value>
            </param>
            <param index="2">
              <value>
                <![CDATA[Y]]>
              </value>
            </param>
          </params>
          <reporter-output>
          </reporter-output>
        </test-method> <!-- IncorrectEmail_ID01C -->
        <test-method status="PASS" signature="IncorrectEmail_ID01C(java.lang.String, java.lang.String, java.lang.String)[pri:0, instance:com.testing.XeroAutomationSelenium.TestScriptsXero@6e06451e]" name="IncorrectEmail_ID01C" duration-ms="0" started-at="2018-04-15T19:15:51Z" data-provider="getDataFromExcel" finished-at="2018-04-15T19:15:51Z">
          <params>
            <param index="0">
              <value>
                <![CDATA[checkBillingInfo_ID10]]>
              </value>
            </param>
            <param index="1">
              <value>
                <![CDATA[FF]]>
              </value>
            </param>
            <param index="2">
              <value>
                <![CDATA[Y]]>
              </value>
            </param>
          </params>
          <reporter-output>
          </reporter-output>
        </test-method> <!-- IncorrectEmail_ID01C -->
        <test-method status="PASS" signature="IncorrectPassword_ID01B(java.lang.String, java.lang.String, java.lang.String)[pri:0, instance:com.testing.XeroAutomationSelenium.TestScriptsXero@6e06451e]" name="IncorrectPassword_ID01B" duration-ms="1" started-at="2018-04-15T19:15:51Z" data-provider="getDataFromExcel" finished-at="2018-04-15T19:15:51Z">
          <params>
            <param index="0">
              <value is-null="true"/>
            </param>
            <param index="1">
              <value is-null="true"/>
            </param>
            <param index="2">
              <value is-null="true"/>
            </param>
          </params>
          <reporter-output>
          </reporter-output>
        </test-method> <!-- IncorrectPassword_ID01B -->
        <test-method status="PASS" signature="IncorrectPassword_ID01B(java.lang.String, java.lang.String, java.lang.String)[pri:0, instance:com.testing.XeroAutomationSelenium.TestScriptsXero@6e06451e]" name="IncorrectPassword_ID01B" duration-ms="1" started-at="2018-04-15T19:15:51Z" data-provider="getDataFromExcel" finished-at="2018-04-15T19:15:51Z">
          <params>
            <param index="0">
              <value>
                <![CDATA[NavigatetoXero_ID01A]]>
              </value>
            </param>
            <param index="1">
              <value>
                <![CDATA[Opera]]>
              </value>
            </param>
            <param index="2">
              <value>
                <![CDATA[Y]]>
              </value>
            </param>
          </params>
          <reporter-output>
          </reporter-output>
        </test-method> <!-- IncorrectPassword_ID01B -->
        <test-method status="PASS" signature="IncorrectPassword_ID01B(java.lang.String, java.lang.String, java.lang.String)[pri:0, instance:com.testing.XeroAutomationSelenium.TestScriptsXero@6e06451e]" name="IncorrectPassword_ID01B" duration-ms="1" started-at="2018-04-15T19:15:51Z" data-provider="getDataFromExcel" finished-at="2018-04-15T19:15:51Z">
          <params>
            <param index="0">
              <value>
                <![CDATA[NavigatetoXero_ID01A]]>
              </value>
            </param>
            <param index="1">
              <value>
                <![CDATA[Chrome]]>
              </value>
            </param>
            <param index="2">
              <value>
                <![CDATA[Y]]>
              </value>
            </param>
          </params>
          <reporter-output>
          </reporter-output>
        </test-method> <!-- IncorrectPassword_ID01B -->
        <test-method status="PASS" signature="IncorrectPassword_ID01B(java.lang.String, java.lang.String, java.lang.String)[pri:0, instance:com.testing.XeroAutomationSelenium.TestScriptsXero@6e06451e]" name="IncorrectPassword_ID01B" duration-ms="11332" started-at="2018-04-15T19:15:51Z" data-provider="getDataFromExcel" finished-at="2018-04-15T19:16:03Z">
          <params>
            <param index="0">
              <value>
                <![CDATA[IncorrectPassword_ID01B]]>
              </value>
            </param>
            <param index="1">
              <value>
                <![CDATA[Opera]]>
              </value>
            </param>
            <param index="2">
              <value>
                <![CDATA[Y]]>
              </value>
            </param>
          </params>
          <reporter-output>
          </reporter-output>
        </test-method> <!-- IncorrectPassword_ID01B -->
        <test-method status="PASS" signature="IncorrectPassword_ID01B(java.lang.String, java.lang.String, java.lang.String)[pri:0, instance:com.testing.XeroAutomationSelenium.TestScriptsXero@6e06451e]" name="IncorrectPassword_ID01B" duration-ms="1" started-at="2018-04-15T19:16:03Z" data-provider="getDataFromExcel" finished-at="2018-04-15T19:16:03Z">
          <params>
            <param index="0">
              <value>
                <![CDATA[IncorrectEmail_ID01C]]>
              </value>
            </param>
            <param index="1">
              <value>
                <![CDATA[FF]]>
              </value>
            </param>
            <param index="2">
              <value>
                <![CDATA[Y]]>
              </value>
            </param>
          </params>
          <reporter-output>
          </reporter-output>
        </test-method> <!-- IncorrectPassword_ID01B -->
        <test-method status="PASS" signature="IncorrectPassword_ID01B(java.lang.String, java.lang.String, java.lang.String)[pri:0, instance:com.testing.XeroAutomationSelenium.TestScriptsXero@6e06451e]" name="IncorrectPassword_ID01B" duration-ms="1" started-at="2018-04-15T19:16:03Z" data-provider="getDataFromExcel" finished-at="2018-04-15T19:16:03Z">
          <params>
            <param index="0">
              <value>
                <![CDATA[NavigateToXero_ID01D]]>
              </value>
            </param>
            <param index="1">
              <value>
                <![CDATA[FF]]>
              </value>
            </param>
            <param index="2">
              <value>
                <![CDATA[Y]]>
              </value>
            </param>
          </params>
          <reporter-output>
          </reporter-output>
        </test-method> <!-- IncorrectPassword_ID01B -->
        <test-method status="PASS" signature="IncorrectPassword_ID01B(java.lang.String, java.lang.String, java.lang.String)[pri:0, instance:com.testing.XeroAutomationSelenium.TestScriptsXero@6e06451e]" name="IncorrectPassword_ID01B" duration-ms="1" started-at="2018-04-15T19:16:03Z" data-provider="getDataFromExcel" finished-at="2018-04-15T19:16:03Z">
          <params>
            <param index="0">
              <value>
                <![CDATA[signUpToXDC_ID02A]]>
              </value>
            </param>
            <param index="1">
              <value>
                <![CDATA[Chrome]]>
              </value>
            </param>
            <param index="2">
              <value>
                <![CDATA[N]]>
              </value>
            </param>
          </params>
          <reporter-output>
          </reporter-output>
        </test-method> <!-- IncorrectPassword_ID01B -->
        <test-method status="PASS" signature="IncorrectPassword_ID01B(java.lang.String, java.lang.String, java.lang.String)[pri:0, instance:com.testing.XeroAutomationSelenium.TestScriptsXero@6e06451e]" name="IncorrectPassword_ID01B" duration-ms="1" started-at="2018-04-15T19:16:03Z" data-provider="getDataFromExcel" finished-at="2018-04-15T19:16:03Z">
          <params>
            <param index="0">
              <value>
                <![CDATA[signUpToXDC_ID02B]]>
              </value>
            </param>
            <param index="1">
              <value>
                <![CDATA[FF]]>
              </value>
            </param>
            <param index="2">
              <value>
                <![CDATA[N]]>
              </value>
            </param>
          </params>
          <reporter-output>
          </reporter-output>
        </test-method> <!-- IncorrectPassword_ID01B -->
        <test-method status="PASS" signature="IncorrectPassword_ID01B(java.lang.String, java.lang.String, java.lang.String)[pri:0, instance:com.testing.XeroAutomationSelenium.TestScriptsXero@6e06451e]" name="IncorrectPassword_ID01B" duration-ms="0" started-at="2018-04-15T19:16:03Z" data-provider="getDataFromExcel" finished-at="2018-04-15T19:16:03Z">
          <params>
            <param index="0">
              <value>
                <![CDATA[signUpToXDC_ID02C]]>
              </value>
            </param>
            <param index="1">
              <value>
                <![CDATA[FF]]>
              </value>
            </param>
            <param index="2">
              <value>
                <![CDATA[Y]]>
              </value>
            </param>
          </params>
          <reporter-output>
          </reporter-output>
        </test-method> <!-- IncorrectPassword_ID01B -->
        <test-method status="PASS" signature="IncorrectPassword_ID01B(java.lang.String, java.lang.String, java.lang.String)[pri:0, instance:com.testing.XeroAutomationSelenium.TestScriptsXero@6e06451e]" name="IncorrectPassword_ID01B" duration-ms="0" started-at="2018-04-15T19:16:03Z" data-provider="getDataFromExcel" finished-at="2018-04-15T19:16:03Z">
          <params>
            <param index="0">
              <value>
                <![CDATA[signUpToXDC_ID02D]]>
              </value>
            </param>
            <param index="1">
              <value>
                <![CDATA[FF]]>
              </value>
            </param>
            <param index="2">
              <value>
                <![CDATA[Y]]>
              </value>
            </param>
          </params>
          <reporter-output>
          </reporter-output>
        </test-method> <!-- IncorrectPassword_ID01B -->
        <test-method status="PASS" signature="IncorrectPassword_ID01B(java.lang.String, java.lang.String, java.lang.String)[pri:0, instance:com.testing.XeroAutomationSelenium.TestScriptsXero@6e06451e]" name="IncorrectPassword_ID01B" duration-ms="0" started-at="2018-04-15T19:16:03Z" data-provider="getDataFromExcel" finished-at="2018-04-15T19:16:03Z">
          <params>
            <param index="0">
              <value>
                <![CDATA[signUpToXDC_ID02E]]>
              </value>
            </param>
            <param index="1">
              <value>
                <![CDATA[FF]]>
              </value>
            </param>
            <param index="2">
              <value>
                <![CDATA[Y]]>
              </value>
            </param>
          </params>
          <reporter-output>
          </reporter-output>
        </test-method> <!-- IncorrectPassword_ID01B -->
        <test-method status="PASS" signature="IncorrectPassword_ID01B(java.lang.String, java.lang.String, java.lang.String)[pri:0, instance:com.testing.XeroAutomationSelenium.TestScriptsXero@6e06451e]" name="IncorrectPassword_ID01B" duration-ms="0" started-at="2018-04-15T19:16:03Z" data-provider="getDataFromExcel" finished-at="2018-04-15T19:16:03Z">
          <params>
            <param index="0">
              <value>
                <![CDATA[testAllTabsPage_ID03A]]>
              </value>
            </param>
            <param index="1">
              <value>
                <![CDATA[FF]]>
              </value>
            </param>
            <param index="2">
              <value>
                <![CDATA[Y]]>
              </value>
            </param>
          </params>
          <reporter-output>
          </reporter-output>
        </test-method> <!-- IncorrectPassword_ID01B -->
        <test-method status="PASS" signature="IncorrectPassword_ID01B(java.lang.String, java.lang.String, java.lang.String)[pri:0, instance:com.testing.XeroAutomationSelenium.TestScriptsXero@6e06451e]" name="IncorrectPassword_ID01B" duration-ms="1" started-at="2018-04-15T19:16:03Z" data-provider="getDataFromExcel" finished-at="2018-04-15T19:16:03Z">
          <params>
            <param index="0">
              <value>
                <![CDATA[logoutFuctionality_ID04A]]>
              </value>
            </param>
            <param index="1">
              <value>
                <![CDATA[FF]]>
              </value>
            </param>
            <param index="2">
              <value>
                <![CDATA[Y]]>
              </value>
            </param>
          </params>
          <reporter-output>
          </reporter-output>
        </test-method> <!-- IncorrectPassword_ID01B -->
        <test-method status="PASS" signature="IncorrectPassword_ID01B(java.lang.String, java.lang.String, java.lang.String)[pri:0, instance:com.testing.XeroAutomationSelenium.TestScriptsXero@6e06451e]" name="IncorrectPassword_ID01B" duration-ms="1" started-at="2018-04-15T19:16:03Z" data-provider="getDataFromExcel" finished-at="2018-04-15T19:16:03Z">
          <params>
            <param index="0">
              <value>
                <![CDATA[uploadProfileImage_ID06A]]>
              </value>
            </param>
            <param index="1">
              <value>
                <![CDATA[FF]]>
              </value>
            </param>
            <param index="2">
              <value>
                <![CDATA[Y]]>
              </value>
            </param>
          </params>
          <reporter-output>
          </reporter-output>
        </test-method> <!-- IncorrectPassword_ID01B -->
        <test-method status="PASS" signature="IncorrectPassword_ID01B(java.lang.String, java.lang.String, java.lang.String)[pri:0, instance:com.testing.XeroAutomationSelenium.TestScriptsXero@6e06451e]" name="IncorrectPassword_ID01B" duration-ms="1" started-at="2018-04-15T19:16:03Z" data-provider="getDataFromExcel" finished-at="2018-04-15T19:16:03Z">
          <params>
            <param index="0">
              <value>
                <![CDATA[addOrganizationTrial_ID08A]]>
              </value>
            </param>
            <param index="1">
              <value>
                <![CDATA[FF]]>
              </value>
            </param>
            <param index="2">
              <value>
                <![CDATA[Y]]>
              </value>
            </param>
          </params>
          <reporter-output>
          </reporter-output>
        </test-method> <!-- IncorrectPassword_ID01B -->
        <test-method status="PASS" signature="IncorrectPassword_ID01B(java.lang.String, java.lang.String, java.lang.String)[pri:0, instance:com.testing.XeroAutomationSelenium.TestScriptsXero@6e06451e]" name="IncorrectPassword_ID01B" duration-ms="1" started-at="2018-04-15T19:16:03Z" data-provider="getDataFromExcel" finished-at="2018-04-15T19:16:03Z">
          <params>
            <param index="0">
              <value>
                <![CDATA[addOrganizationPaid_ID08B]]>
              </value>
            </param>
            <param index="1">
              <value>
                <![CDATA[FF]]>
              </value>
            </param>
            <param index="2">
              <value>
                <![CDATA[Y]]>
              </value>
            </param>
          </params>
          <reporter-output>
          </reporter-output>
        </test-method> <!-- IncorrectPassword_ID01B -->
        <test-method status="PASS" signature="IncorrectPassword_ID01B(java.lang.String, java.lang.String, java.lang.String)[pri:0, instance:com.testing.XeroAutomationSelenium.TestScriptsXero@6e06451e]" name="IncorrectPassword_ID01B" duration-ms="1" started-at="2018-04-15T19:16:03Z" data-provider="getDataFromExcel" finished-at="2018-04-15T19:16:03Z">
          <params>
            <param index="0">
              <value>
                <![CDATA[addOrganizationStarterPlan_ID08C]]>
              </value>
            </param>
            <param index="1">
              <value>
                <![CDATA[FF]]>
              </value>
            </param>
            <param index="2">
              <value>
                <![CDATA[Y]]>
              </value>
            </param>
          </params>
          <reporter-output>
          </reporter-output>
        </test-method> <!-- IncorrectPassword_ID01B -->
        <test-method status="PASS" signature="IncorrectPassword_ID01B(java.lang.String, java.lang.String, java.lang.String)[pri:0, instance:com.testing.XeroAutomationSelenium.TestScriptsXero@6e06451e]" name="IncorrectPassword_ID01B" duration-ms="6" started-at="2018-04-15T19:16:03Z" data-provider="getDataFromExcel" finished-at="2018-04-15T19:16:03Z">
          <params>
            <param index="0">
              <value>
                <![CDATA[addOrganizationStandardPlan_ID08D]]>
              </value>
            </param>
            <param index="1">
              <value>
                <![CDATA[FF]]>
              </value>
            </param>
            <param index="2">
              <value>
                <![CDATA[Y]]>
              </value>
            </param>
          </params>
          <reporter-output>
          </reporter-output>
        </test-method> <!-- IncorrectPassword_ID01B -->
        <test-method status="PASS" signature="IncorrectPassword_ID01B(java.lang.String, java.lang.String, java.lang.String)[pri:0, instance:com.testing.XeroAutomationSelenium.TestScriptsXero@6e06451e]" name="IncorrectPassword_ID01B" duration-ms="2" started-at="2018-04-15T19:16:03Z" data-provider="getDataFromExcel" finished-at="2018-04-15T19:16:03Z">
          <params>
            <param index="0">
              <value>
                <![CDATA[addOrganizationPremiumPlan_ID08E]]>
              </value>
            </param>
            <param index="1">
              <value>
                <![CDATA[FF]]>
              </value>
            </param>
            <param index="2">
              <value>
                <![CDATA[Y]]>
              </value>
            </param>
          </params>
          <reporter-output>
          </reporter-output>
        </test-method> <!-- IncorrectPassword_ID01B -->
        <test-method status="PASS" signature="IncorrectPassword_ID01B(java.lang.String, java.lang.String, java.lang.String)[pri:0, instance:com.testing.XeroAutomationSelenium.TestScriptsXero@6e06451e]" name="IncorrectPassword_ID01B" duration-ms="1" started-at="2018-04-15T19:16:03Z" data-provider="getDataFromExcel" finished-at="2018-04-15T19:16:03Z">
          <params>
            <param index="0">
              <value>
                <![CDATA[addOrganizationQuickBooks_ID08F]]>
              </value>
            </param>
            <param index="1">
              <value>
                <![CDATA[FF]]>
              </value>
            </param>
            <param index="2">
              <value>
                <![CDATA[Y]]>
              </value>
            </param>
          </params>
          <reporter-output>
          </reporter-output>
        </test-method> <!-- IncorrectPassword_ID01B -->
        <test-method status="PASS" signature="IncorrectPassword_ID01B(java.lang.String, java.lang.String, java.lang.String)[pri:0, instance:com.testing.XeroAutomationSelenium.TestScriptsXero@6e06451e]" name="IncorrectPassword_ID01B" duration-ms="1" started-at="2018-04-15T19:16:03Z" data-provider="getDataFromExcel" finished-at="2018-04-15T19:16:03Z">
          <params>
            <param index="0">
              <value>
                <![CDATA[checkBillingInfo_ID10]]>
              </value>
            </param>
            <param index="1">
              <value>
                <![CDATA[FF]]>
              </value>
            </param>
            <param index="2">
              <value>
                <![CDATA[Y]]>
              </value>
            </param>
          </params>
          <reporter-output>
          </reporter-output>
        </test-method> <!-- IncorrectPassword_ID01B -->
        <test-method status="PASS" signature="NavigateToXero_ID01D(java.lang.String, java.lang.String, java.lang.String)[pri:0, instance:com.testing.XeroAutomationSelenium.TestScriptsXero@6e06451e]" name="NavigateToXero_ID01D" duration-ms="7" started-at="2018-04-15T19:16:03Z" data-provider="getDataFromExcel" finished-at="2018-04-15T19:16:03Z">
          <params>
            <param index="0">
              <value is-null="true"/>
            </param>
            <param index="1">
              <value is-null="true"/>
            </param>
            <param index="2">
              <value is-null="true"/>
            </param>
          </params>
          <reporter-output>
          </reporter-output>
        </test-method> <!-- NavigateToXero_ID01D -->
        <test-method status="PASS" signature="NavigateToXero_ID01D(java.lang.String, java.lang.String, java.lang.String)[pri:0, instance:com.testing.XeroAutomationSelenium.TestScriptsXero@6e06451e]" name="NavigateToXero_ID01D" duration-ms="1" started-at="2018-04-15T19:16:03Z" data-provider="getDataFromExcel" finished-at="2018-04-15T19:16:03Z">
          <params>
            <param index="0">
              <value>
                <![CDATA[NavigatetoXero_ID01A]]>
              </value>
            </param>
            <param index="1">
              <value>
                <![CDATA[Opera]]>
              </value>
            </param>
            <param index="2">
              <value>
                <![CDATA[Y]]>
              </value>
            </param>
          </params>
          <reporter-output>
          </reporter-output>
        </test-method> <!-- NavigateToXero_ID01D -->
        <test-method status="PASS" signature="NavigateToXero_ID01D(java.lang.String, java.lang.String, java.lang.String)[pri:0, instance:com.testing.XeroAutomationSelenium.TestScriptsXero@6e06451e]" name="NavigateToXero_ID01D" duration-ms="1" started-at="2018-04-15T19:16:03Z" data-provider="getDataFromExcel" finished-at="2018-04-15T19:16:03Z">
          <params>
            <param index="0">
              <value>
                <![CDATA[NavigatetoXero_ID01A]]>
              </value>
            </param>
            <param index="1">
              <value>
                <![CDATA[Chrome]]>
              </value>
            </param>
            <param index="2">
              <value>
                <![CDATA[Y]]>
              </value>
            </param>
          </params>
          <reporter-output>
          </reporter-output>
        </test-method> <!-- NavigateToXero_ID01D -->
        <test-method status="PASS" signature="NavigateToXero_ID01D(java.lang.String, java.lang.String, java.lang.String)[pri:0, instance:com.testing.XeroAutomationSelenium.TestScriptsXero@6e06451e]" name="NavigateToXero_ID01D" duration-ms="1" started-at="2018-04-15T19:16:03Z" data-provider="getDataFromExcel" finished-at="2018-04-15T19:16:03Z">
          <params>
            <param index="0">
              <value>
                <![CDATA[IncorrectPassword_ID01B]]>
              </value>
            </param>
            <param index="1">
              <value>
                <![CDATA[Opera]]>
              </value>
            </param>
            <param index="2">
              <value>
                <![CDATA[Y]]>
              </value>
            </param>
          </params>
          <reporter-output>
          </reporter-output>
        </test-method> <!-- NavigateToXero_ID01D -->
        <test-method status="PASS" signature="NavigateToXero_ID01D(java.lang.String, java.lang.String, java.lang.String)[pri:0, instance:com.testing.XeroAutomationSelenium.TestScriptsXero@6e06451e]" name="NavigateToXero_ID01D" duration-ms="20" started-at="2018-04-15T19:16:03Z" data-provider="getDataFromExcel" finished-at="2018-04-15T19:16:03Z">
          <params>
            <param index="0">
              <value>
                <![CDATA[IncorrectEmail_ID01C]]>
              </value>
            </param>
            <param index="1">
              <value>
                <![CDATA[FF]]>
              </value>
            </param>
            <param index="2">
              <value>
                <![CDATA[Y]]>
              </value>
            </param>
          </params>
          <reporter-output>
          </reporter-output>
        </test-method> <!-- NavigateToXero_ID01D -->
        <test-method status="PASS" signature="NavigateToXero_ID01D(java.lang.String, java.lang.String, java.lang.String)[pri:0, instance:com.testing.XeroAutomationSelenium.TestScriptsXero@6e06451e]" name="NavigateToXero_ID01D" duration-ms="12390" started-at="2018-04-15T19:16:03Z" data-provider="getDataFromExcel" finished-at="2018-04-15T19:16:15Z">
          <params>
            <param index="0">
              <value>
                <![CDATA[NavigateToXero_ID01D]]>
              </value>
            </param>
            <param index="1">
              <value>
                <![CDATA[FF]]>
              </value>
            </param>
            <param index="2">
              <value>
                <![CDATA[Y]]>
              </value>
            </param>
          </params>
          <reporter-output>
          </reporter-output>
        </test-method> <!-- NavigateToXero_ID01D -->
        <test-method status="PASS" signature="NavigateToXero_ID01D(java.lang.String, java.lang.String, java.lang.String)[pri:0, instance:com.testing.XeroAutomationSelenium.TestScriptsXero@6e06451e]" name="NavigateToXero_ID01D" duration-ms="0" started-at="2018-04-15T19:16:15Z" data-provider="getDataFromExcel" finished-at="2018-04-15T19:16:15Z">
          <params>
            <param index="0">
              <value>
                <![CDATA[signUpToXDC_ID02A]]>
              </value>
            </param>
            <param index="1">
              <value>
                <![CDATA[Chrome]]>
              </value>
            </param>
            <param index="2">
              <value>
                <![CDATA[N]]>
              </value>
            </param>
          </params>
          <reporter-output>
          </reporter-output>
        </test-method> <!-- NavigateToXero_ID01D -->
        <test-method status="PASS" signature="NavigateToXero_ID01D(java.lang.String, java.lang.String, java.lang.String)[pri:0, instance:com.testing.XeroAutomationSelenium.TestScriptsXero@6e06451e]" name="NavigateToXero_ID01D" duration-ms="2" started-at="2018-04-15T19:16:15Z" data-provider="getDataFromExcel" finished-at="2018-04-15T19:16:15Z">
          <params>
            <param index="0">
              <value>
                <![CDATA[signUpToXDC_ID02B]]>
              </value>
            </param>
            <param index="1">
              <value>
                <![CDATA[FF]]>
              </value>
            </param>
            <param index="2">
              <value>
                <![CDATA[N]]>
              </value>
            </param>
          </params>
          <reporter-output>
          </reporter-output>
        </test-method> <!-- NavigateToXero_ID01D -->
        <test-method status="PASS" signature="NavigateToXero_ID01D(java.lang.String, java.lang.String, java.lang.String)[pri:0, instance:com.testing.XeroAutomationSelenium.TestScriptsXero@6e06451e]" name="NavigateToXero_ID01D" duration-ms="1" started-at="2018-04-15T19:16:15Z" data-provider="getDataFromExcel" finished-at="2018-04-15T19:16:15Z">
          <params>
            <param index="0">
              <value>
                <![CDATA[signUpToXDC_ID02C]]>
              </value>
            </param>
            <param index="1">
              <value>
                <![CDATA[FF]]>
              </value>
            </param>
            <param index="2">
              <value>
                <![CDATA[Y]]>
              </value>
            </param>
          </params>
          <reporter-output>
          </reporter-output>
        </test-method> <!-- NavigateToXero_ID01D -->
        <test-method status="PASS" signature="NavigateToXero_ID01D(java.lang.String, java.lang.String, java.lang.String)[pri:0, instance:com.testing.XeroAutomationSelenium.TestScriptsXero@6e06451e]" name="NavigateToXero_ID01D" duration-ms="0" started-at="2018-04-15T19:16:15Z" data-provider="getDataFromExcel" finished-at="2018-04-15T19:16:15Z">
          <params>
            <param index="0">
              <value>
                <![CDATA[signUpToXDC_ID02D]]>
              </value>
            </param>
            <param index="1">
              <value>
                <![CDATA[FF]]>
              </value>
            </param>
            <param index="2">
              <value>
                <![CDATA[Y]]>
              </value>
            </param>
          </params>
          <reporter-output>
          </reporter-output>
        </test-method> <!-- NavigateToXero_ID01D -->
        <test-method status="PASS" signature="NavigateToXero_ID01D(java.lang.String, java.lang.String, java.lang.String)[pri:0, instance:com.testing.XeroAutomationSelenium.TestScriptsXero@6e06451e]" name="NavigateToXero_ID01D" duration-ms="3" started-at="2018-04-15T19:16:15Z" data-provider="getDataFromExcel" finished-at="2018-04-15T19:16:15Z">
          <params>
            <param index="0">
              <value>
                <![CDATA[signUpToXDC_ID02E]]>
              </value>
            </param>
            <param index="1">
              <value>
                <![CDATA[FF]]>
              </value>
            </param>
            <param index="2">
              <value>
                <![CDATA[Y]]>
              </value>
            </param>
          </params>
          <reporter-output>
          </reporter-output>
        </test-method> <!-- NavigateToXero_ID01D -->
        <test-method status="PASS" signature="NavigateToXero_ID01D(java.lang.String, java.lang.String, java.lang.String)[pri:0, instance:com.testing.XeroAutomationSelenium.TestScriptsXero@6e06451e]" name="NavigateToXero_ID01D" duration-ms="0" started-at="2018-04-15T19:16:15Z" data-provider="getDataFromExcel" finished-at="2018-04-15T19:16:15Z">
          <params>
            <param index="0">
              <value>
                <![CDATA[testAllTabsPage_ID03A]]>
              </value>
            </param>
            <param index="1">
              <value>
                <![CDATA[FF]]>
              </value>
            </param>
            <param index="2">
              <value>
                <![CDATA[Y]]>
              </value>
            </param>
          </params>
          <reporter-output>
          </reporter-output>
        </test-method> <!-- NavigateToXero_ID01D -->
        <test-method status="PASS" signature="NavigateToXero_ID01D(java.lang.String, java.lang.String, java.lang.String)[pri:0, instance:com.testing.XeroAutomationSelenium.TestScriptsXero@6e06451e]" name="NavigateToXero_ID01D" duration-ms="1" started-at="2018-04-15T19:16:15Z" data-provider="getDataFromExcel" finished-at="2018-04-15T19:16:15Z">
          <params>
            <param index="0">
              <value>
                <![CDATA[logoutFuctionality_ID04A]]>
              </value>
            </param>
            <param index="1">
              <value>
                <![CDATA[FF]]>
              </value>
            </param>
            <param index="2">
              <value>
                <![CDATA[Y]]>
              </value>
            </param>
          </params>
          <reporter-output>
          </reporter-output>
        </test-method> <!-- NavigateToXero_ID01D -->
        <test-method status="PASS" signature="NavigateToXero_ID01D(java.lang.String, java.lang.String, java.lang.String)[pri:0, instance:com.testing.XeroAutomationSelenium.TestScriptsXero@6e06451e]" name="NavigateToXero_ID01D" duration-ms="1" started-at="2018-04-15T19:16:15Z" data-provider="getDataFromExcel" finished-at="2018-04-15T19:16:15Z">
          <params>
            <param index="0">
              <value>
                <![CDATA[uploadProfileImage_ID06A]]>
              </value>
            </param>
            <param index="1">
              <value>
                <![CDATA[FF]]>
              </value>
            </param>
            <param index="2">
              <value>
                <![CDATA[Y]]>
              </value>
            </param>
          </params>
          <reporter-output>
          </reporter-output>
        </test-method> <!-- NavigateToXero_ID01D -->
        <test-method status="PASS" signature="NavigateToXero_ID01D(java.lang.String, java.lang.String, java.lang.String)[pri:0, instance:com.testing.XeroAutomationSelenium.TestScriptsXero@6e06451e]" name="NavigateToXero_ID01D" duration-ms="1" started-at="2018-04-15T19:16:15Z" data-provider="getDataFromExcel" finished-at="2018-04-15T19:16:15Z">
          <params>
            <param index="0">
              <value>
                <![CDATA[addOrganizationTrial_ID08A]]>
              </value>
            </param>
            <param index="1">
              <value>
                <![CDATA[FF]]>
              </value>
            </param>
            <param index="2">
              <value>
                <![CDATA[Y]]>
              </value>
            </param>
          </params>
          <reporter-output>
          </reporter-output>
        </test-method> <!-- NavigateToXero_ID01D -->
        <test-method status="PASS" signature="NavigateToXero_ID01D(java.lang.String, java.lang.String, java.lang.String)[pri:0, instance:com.testing.XeroAutomationSelenium.TestScriptsXero@6e06451e]" name="NavigateToXero_ID01D" duration-ms="3" started-at="2018-04-15T19:16:15Z" data-provider="getDataFromExcel" finished-at="2018-04-15T19:16:15Z">
          <params>
            <param index="0">
              <value>
                <![CDATA[addOrganizationPaid_ID08B]]>
              </value>
            </param>
            <param index="1">
              <value>
                <![CDATA[FF]]>
              </value>
            </param>
            <param index="2">
              <value>
                <![CDATA[Y]]>
              </value>
            </param>
          </params>
          <reporter-output>
          </reporter-output>
        </test-method> <!-- NavigateToXero_ID01D -->
        <test-method status="PASS" signature="NavigateToXero_ID01D(java.lang.String, java.lang.String, java.lang.String)[pri:0, instance:com.testing.XeroAutomationSelenium.TestScriptsXero@6e06451e]" name="NavigateToXero_ID01D" duration-ms="1" started-at="2018-04-15T19:16:15Z" data-provider="getDataFromExcel" finished-at="2018-04-15T19:16:15Z">
          <params>
            <param index="0">
              <value>
                <![CDATA[addOrganizationStarterPlan_ID08C]]>
              </value>
            </param>
            <param index="1">
              <value>
                <![CDATA[FF]]>
              </value>
            </param>
            <param index="2">
              <value>
                <![CDATA[Y]]>
              </value>
            </param>
          </params>
          <reporter-output>
          </reporter-output>
        </test-method> <!-- NavigateToXero_ID01D -->
        <test-method status="PASS" signature="NavigateToXero_ID01D(java.lang.String, java.lang.String, java.lang.String)[pri:0, instance:com.testing.XeroAutomationSelenium.TestScriptsXero@6e06451e]" name="NavigateToXero_ID01D" duration-ms="0" started-at="2018-04-15T19:16:15Z" data-provider="getDataFromExcel" finished-at="2018-04-15T19:16:15Z">
          <params>
            <param index="0">
              <value>
                <![CDATA[addOrganizationStandardPlan_ID08D]]>
              </value>
            </param>
            <param index="1">
              <value>
                <![CDATA[FF]]>
              </value>
            </param>
            <param index="2">
              <value>
                <![CDATA[Y]]>
              </value>
            </param>
          </params>
          <reporter-output>
          </reporter-output>
        </test-method> <!-- NavigateToXero_ID01D -->
        <test-method status="PASS" signature="NavigateToXero_ID01D(java.lang.String, java.lang.String, java.lang.String)[pri:0, instance:com.testing.XeroAutomationSelenium.TestScriptsXero@6e06451e]" name="NavigateToXero_ID01D" duration-ms="1" started-at="2018-04-15T19:16:15Z" data-provider="getDataFromExcel" finished-at="2018-04-15T19:16:15Z">
          <params>
            <param index="0">
              <value>
                <![CDATA[addOrganizationPremiumPlan_ID08E]]>
              </value>
            </param>
            <param index="1">
              <value>
                <![CDATA[FF]]>
              </value>
            </param>
            <param index="2">
              <value>
                <![CDATA[Y]]>
              </value>
            </param>
          </params>
          <reporter-output>
          </reporter-output>
        </test-method> <!-- NavigateToXero_ID01D -->
        <test-method status="PASS" signature="NavigateToXero_ID01D(java.lang.String, java.lang.String, java.lang.String)[pri:0, instance:com.testing.XeroAutomationSelenium.TestScriptsXero@6e06451e]" name="NavigateToXero_ID01D" duration-ms="0" started-at="2018-04-15T19:16:15Z" data-provider="getDataFromExcel" finished-at="2018-04-15T19:16:15Z">
          <params>
            <param index="0">
              <value>
                <![CDATA[addOrganizationQuickBooks_ID08F]]>
              </value>
            </param>
            <param index="1">
              <value>
                <![CDATA[FF]]>
              </value>
            </param>
            <param index="2">
              <value>
                <![CDATA[Y]]>
              </value>
            </param>
          </params>
          <reporter-output>
          </reporter-output>
        </test-method> <!-- NavigateToXero_ID01D -->
        <test-method status="PASS" signature="NavigateToXero_ID01D(java.lang.String, java.lang.String, java.lang.String)[pri:0, instance:com.testing.XeroAutomationSelenium.TestScriptsXero@6e06451e]" name="NavigateToXero_ID01D" duration-ms="2" started-at="2018-04-15T19:16:15Z" data-provider="getDataFromExcel" finished-at="2018-04-15T19:16:15Z">
          <params>
            <param index="0">
              <value>
                <![CDATA[checkBillingInfo_ID10]]>
              </value>
            </param>
            <param index="1">
              <value>
                <![CDATA[FF]]>
              </value>
            </param>
            <param index="2">
              <value>
                <![CDATA[Y]]>
              </value>
            </param>
          </params>
          <reporter-output>
          </reporter-output>
        </test-method> <!-- NavigateToXero_ID01D -->
        <test-method status="PASS" signature="NavigatetoXero_ID01A(java.lang.String, java.lang.String, java.lang.String)[pri:0, instance:com.testing.XeroAutomationSelenium.TestScriptsXero@6e06451e]" name="NavigatetoXero_ID01A" duration-ms="1" started-at="2018-04-15T19:16:15Z" data-provider="getDataFromExcel" finished-at="2018-04-15T19:16:15Z">
          <params>
            <param index="0">
              <value is-null="true"/>
            </param>
            <param index="1">
              <value is-null="true"/>
            </param>
            <param index="2">
              <value is-null="true"/>
            </param>
          </params>
          <reporter-output>
          </reporter-output>
        </test-method> <!-- NavigatetoXero_ID01A -->
        <test-method status="PASS" signature="NavigatetoXero_ID01A(java.lang.String, java.lang.String, java.lang.String)[pri:0, instance:com.testing.XeroAutomationSelenium.TestScriptsXero@6e06451e]" name="NavigatetoXero_ID01A" duration-ms="18661" started-at="2018-04-15T19:16:15Z" data-provider="getDataFromExcel" finished-at="2018-04-15T19:16:34Z">
          <params>
            <param index="0">
              <value>
                <![CDATA[NavigatetoXero_ID01A]]>
              </value>
            </param>
            <param index="1">
              <value>
                <![CDATA[Opera]]>
              </value>
            </param>
            <param index="2">
              <value>
                <![CDATA[Y]]>
              </value>
            </param>
          </params>
          <reporter-output>
          </reporter-output>
        </test-method> <!-- NavigatetoXero_ID01A -->
        <test-method status="PASS" signature="NavigatetoXero_ID01A(java.lang.String, java.lang.String, java.lang.String)[pri:0, instance:com.testing.XeroAutomationSelenium.TestScriptsXero@6e06451e]" name="NavigatetoXero_ID01A" duration-ms="18590" started-at="2018-04-15T19:16:34Z" data-provider="getDataFromExcel" finished-at="2018-04-15T19:16:53Z">
          <params>
            <param index="0">
              <value>
                <![CDATA[NavigatetoXero_ID01A]]>
              </value>
            </param>
            <param index="1">
              <value>
                <![CDATA[Chrome]]>
              </value>
            </param>
            <param index="2">
              <value>
                <![CDATA[Y]]>
              </value>
            </param>
          </params>
          <reporter-output>
          </reporter-output>
        </test-method> <!-- NavigatetoXero_ID01A -->
        <test-method status="PASS" signature="NavigatetoXero_ID01A(java.lang.String, java.lang.String, java.lang.String)[pri:0, instance:com.testing.XeroAutomationSelenium.TestScriptsXero@6e06451e]" name="NavigatetoXero_ID01A" duration-ms="0" started-at="2018-04-15T19:16:53Z" data-provider="getDataFromExcel" finished-at="2018-04-15T19:16:53Z">
          <params>
            <param index="0">
              <value>
                <![CDATA[IncorrectPassword_ID01B]]>
              </value>
            </param>
            <param index="1">
              <value>
                <![CDATA[Opera]]>
              </value>
            </param>
            <param index="2">
              <value>
                <![CDATA[Y]]>
              </value>
            </param>
          </params>
          <reporter-output>
          </reporter-output>
        </test-method> <!-- NavigatetoXero_ID01A -->
        <test-method status="PASS" signature="NavigatetoXero_ID01A(java.lang.String, java.lang.String, java.lang.String)[pri:0, instance:com.testing.XeroAutomationSelenium.TestScriptsXero@6e06451e]" name="NavigatetoXero_ID01A" duration-ms="4" started-at="2018-04-15T19:16:53Z" data-provider="getDataFromExcel" finished-at="2018-04-15T19:16:53Z">
          <params>
            <param index="0">
              <value>
                <![CDATA[IncorrectEmail_ID01C]]>
              </value>
            </param>
            <param index="1">
              <value>
                <![CDATA[FF]]>
              </value>
            </param>
            <param index="2">
              <value>
                <![CDATA[Y]]>
              </value>
            </param>
          </params>
          <reporter-output>
          </reporter-output>
        </test-method> <!-- NavigatetoXero_ID01A -->
        <test-method status="PASS" signature="NavigatetoXero_ID01A(java.lang.String, java.lang.String, java.lang.String)[pri:0, instance:com.testing.XeroAutomationSelenium.TestScriptsXero@6e06451e]" name="NavigatetoXero_ID01A" duration-ms="1" started-at="2018-04-15T19:16:53Z" data-provider="getDataFromExcel" finished-at="2018-04-15T19:16:53Z">
          <params>
            <param index="0">
              <value>
                <![CDATA[NavigateToXero_ID01D]]>
              </value>
            </param>
            <param index="1">
              <value>
                <![CDATA[FF]]>
              </value>
            </param>
            <param index="2">
              <value>
                <![CDATA[Y]]>
              </value>
            </param>
          </params>
          <reporter-output>
          </reporter-output>
        </test-method> <!-- NavigatetoXero_ID01A -->
        <test-method status="PASS" signature="NavigatetoXero_ID01A(java.lang.String, java.lang.String, java.lang.String)[pri:0, instance:com.testing.XeroAutomationSelenium.TestScriptsXero@6e06451e]" name="NavigatetoXero_ID01A" duration-ms="0" started-at="2018-04-15T19:16:53Z" data-provider="getDataFromExcel" finished-at="2018-04-15T19:16:53Z">
          <params>
            <param index="0">
              <value>
                <![CDATA[signUpToXDC_ID02A]]>
              </value>
            </param>
            <param index="1">
              <value>
                <![CDATA[Chrome]]>
              </value>
            </param>
            <param index="2">
              <value>
                <![CDATA[N]]>
              </value>
            </param>
          </params>
          <reporter-output>
          </reporter-output>
        </test-method> <!-- NavigatetoXero_ID01A -->
        <test-method status="PASS" signature="NavigatetoXero_ID01A(java.lang.String, java.lang.String, java.lang.String)[pri:0, instance:com.testing.XeroAutomationSelenium.TestScriptsXero@6e06451e]" name="NavigatetoXero_ID01A" duration-ms="1" started-at="2018-04-15T19:16:53Z" data-provider="getDataFromExcel" finished-at="2018-04-15T19:16:53Z">
          <params>
            <param index="0">
              <value>
                <![CDATA[signUpToXDC_ID02B]]>
              </value>
            </param>
            <param index="1">
              <value>
                <![CDATA[FF]]>
              </value>
            </param>
            <param index="2">
              <value>
                <![CDATA[N]]>
              </value>
            </param>
          </params>
          <reporter-output>
          </reporter-output>
        </test-method> <!-- NavigatetoXero_ID01A -->
        <test-method status="PASS" signature="NavigatetoXero_ID01A(java.lang.String, java.lang.String, java.lang.String)[pri:0, instance:com.testing.XeroAutomationSelenium.TestScriptsXero@6e06451e]" name="NavigatetoXero_ID01A" duration-ms="0" started-at="2018-04-15T19:16:53Z" data-provider="getDataFromExcel" finished-at="2018-04-15T19:16:53Z">
          <params>
            <param index="0">
              <value>
                <![CDATA[signUpToXDC_ID02C]]>
              </value>
            </param>
            <param index="1">
              <value>
                <![CDATA[FF]]>
              </value>
            </param>
            <param index="2">
              <value>
                <![CDATA[Y]]>
              </value>
            </param>
          </params>
          <reporter-output>
          </reporter-output>
        </test-method> <!-- NavigatetoXero_ID01A -->
        <test-method status="PASS" signature="NavigatetoXero_ID01A(java.lang.String, java.lang.String, java.lang.String)[pri:0, instance:com.testing.XeroAutomationSelenium.TestScriptsXero@6e06451e]" name="NavigatetoXero_ID01A" duration-ms="1" started-at="2018-04-15T19:16:53Z" data-provider="getDataFromExcel" finished-at="2018-04-15T19:16:53Z">
          <params>
            <param index="0">
              <value>
                <![CDATA[signUpToXDC_ID02D]]>
              </value>
            </param>
            <param index="1">
              <value>
                <![CDATA[FF]]>
              </value>
            </param>
            <param index="2">
              <value>
                <![CDATA[Y]]>
              </value>
            </param>
          </params>
          <reporter-output>
          </reporter-output>
        </test-method> <!-- NavigatetoXero_ID01A -->
        <test-method status="PASS" signature="NavigatetoXero_ID01A(java.lang.String, java.lang.String, java.lang.String)[pri:0, instance:com.testing.XeroAutomationSelenium.TestScriptsXero@6e06451e]" name="NavigatetoXero_ID01A" duration-ms="1" started-at="2018-04-15T19:16:53Z" data-provider="getDataFromExcel" finished-at="2018-04-15T19:16:53Z">
          <params>
            <param index="0">
              <value>
                <![CDATA[signUpToXDC_ID02E]]>
              </value>
            </param>
            <param index="1">
              <value>
                <![CDATA[FF]]>
              </value>
            </param>
            <param index="2">
              <value>
                <![CDATA[Y]]>
              </value>
            </param>
          </params>
          <reporter-output>
          </reporter-output>
        </test-method> <!-- NavigatetoXero_ID01A -->
        <test-method status="PASS" signature="NavigatetoXero_ID01A(java.lang.String, java.lang.String, java.lang.String)[pri:0, instance:com.testing.XeroAutomationSelenium.TestScriptsXero@6e06451e]" name="NavigatetoXero_ID01A" duration-ms="1" started-at="2018-04-15T19:16:53Z" data-provider="getDataFromExcel" finished-at="2018-04-15T19:16:53Z">
          <params>
            <param index="0">
              <value>
                <![CDATA[testAllTabsPage_ID03A]]>
              </value>
            </param>
            <param index="1">
              <value>
                <![CDATA[FF]]>
              </value>
            </param>
            <param index="2">
              <value>
                <![CDATA[Y]]>
              </value>
            </param>
          </params>
          <reporter-output>
          </reporter-output>
        </test-method> <!-- NavigatetoXero_ID01A -->
        <test-method status="PASS" signature="NavigatetoXero_ID01A(java.lang.String, java.lang.String, java.lang.String)[pri:0, instance:com.testing.XeroAutomationSelenium.TestScriptsXero@6e06451e]" name="NavigatetoXero_ID01A" duration-ms="0" started-at="2018-04-15T19:16:53Z" data-provider="getDataFromExcel" finished-at="2018-04-15T19:16:53Z">
          <params>
            <param index="0">
              <value>
                <![CDATA[logoutFuctionality_ID04A]]>
              </value>
            </param>
            <param index="1">
              <value>
                <![CDATA[FF]]>
              </value>
            </param>
            <param index="2">
              <value>
                <![CDATA[Y]]>
              </value>
            </param>
          </params>
          <reporter-output>
          </reporter-output>
        </test-method> <!-- NavigatetoXero_ID01A -->
        <test-method status="PASS" signature="NavigatetoXero_ID01A(java.lang.String, java.lang.String, java.lang.String)[pri:0, instance:com.testing.XeroAutomationSelenium.TestScriptsXero@6e06451e]" name="NavigatetoXero_ID01A" duration-ms="1" started-at="2018-04-15T19:16:53Z" data-provider="getDataFromExcel" finished-at="2018-04-15T19:16:53Z">
          <params>
            <param index="0">
              <value>
                <![CDATA[uploadProfileImage_ID06A]]>
              </value>
            </param>
            <param index="1">
              <value>
                <![CDATA[FF]]>
              </value>
            </param>
            <param index="2">
              <value>
                <![CDATA[Y]]>
              </value>
            </param>
          </params>
          <reporter-output>
          </reporter-output>
        </test-method> <!-- NavigatetoXero_ID01A -->
        <test-method status="PASS" signature="NavigatetoXero_ID01A(java.lang.String, java.lang.String, java.lang.String)[pri:0, instance:com.testing.XeroAutomationSelenium.TestScriptsXero@6e06451e]" name="NavigatetoXero_ID01A" duration-ms="1" started-at="2018-04-15T19:16:53Z" data-provider="getDataFromExcel" finished-at="2018-04-15T19:16:53Z">
          <params>
            <param index="0">
              <value>
                <![CDATA[addOrganizationTrial_ID08A]]>
              </value>
            </param>
            <param index="1">
              <value>
                <![CDATA[FF]]>
              </value>
            </param>
            <param index="2">
              <value>
                <![CDATA[Y]]>
              </value>
            </param>
          </params>
          <reporter-output>
          </reporter-output>
        </test-method> <!-- NavigatetoXero_ID01A -->
        <test-method status="PASS" signature="NavigatetoXero_ID01A(java.lang.String, java.lang.String, java.lang.String)[pri:0, instance:com.testing.XeroAutomationSelenium.TestScriptsXero@6e06451e]" name="NavigatetoXero_ID01A" duration-ms="2" started-at="2018-04-15T19:16:53Z" data-provider="getDataFromExcel" finished-at="2018-04-15T19:16:53Z">
          <params>
            <param index="0">
              <value>
                <![CDATA[addOrganizationPaid_ID08B]]>
              </value>
            </param>
            <param index="1">
              <value>
                <![CDATA[FF]]>
              </value>
            </param>
            <param index="2">
              <value>
                <![CDATA[Y]]>
              </value>
            </param>
          </params>
          <reporter-output>
          </reporter-output>
        </test-method> <!-- NavigatetoXero_ID01A -->
        <test-method status="PASS" signature="NavigatetoXero_ID01A(java.lang.String, java.lang.String, java.lang.String)[pri:0, instance:com.testing.XeroAutomationSelenium.TestScriptsXero@6e06451e]" name="NavigatetoXero_ID01A" duration-ms="0" started-at="2018-04-15T19:16:53Z" data-provider="getDataFromExcel" finished-at="2018-04-15T19:16:53Z">
          <params>
            <param index="0">
              <value>
                <![CDATA[addOrganizationStarterPlan_ID08C]]>
              </value>
            </param>
            <param index="1">
              <value>
                <![CDATA[FF]]>
              </value>
            </param>
            <param index="2">
              <value>
                <![CDATA[Y]]>
              </value>
            </param>
          </params>
          <reporter-output>
          </reporter-output>
        </test-method> <!-- NavigatetoXero_ID01A -->
        <test-method status="PASS" signature="NavigatetoXero_ID01A(java.lang.String, java.lang.String, java.lang.String)[pri:0, instance:com.testing.XeroAutomationSelenium.TestScriptsXero@6e06451e]" name="NavigatetoXero_ID01A" duration-ms="1" started-at="2018-04-15T19:16:53Z" data-provider="getDataFromExcel" finished-at="2018-04-15T19:16:53Z">
          <params>
            <param index="0">
              <value>
                <![CDATA[addOrganizationStandardPlan_ID08D]]>
              </value>
            </param>
            <param index="1">
              <value>
                <![CDATA[FF]]>
              </value>
            </param>
            <param index="2">
              <value>
                <![CDATA[Y]]>
              </value>
            </param>
          </params>
          <reporter-output>
          </reporter-output>
        </test-method> <!-- NavigatetoXero_ID01A -->
        <test-method status="PASS" signature="NavigatetoXero_ID01A(java.lang.String, java.lang.String, java.lang.String)[pri:0, instance:com.testing.XeroAutomationSelenium.TestScriptsXero@6e06451e]" name="NavigatetoXero_ID01A" duration-ms="1" started-at="2018-04-15T19:16:53Z" data-provider="getDataFromExcel" finished-at="2018-04-15T19:16:53Z">
          <params>
            <param index="0">
              <value>
                <![CDATA[addOrganizationPremiumPlan_ID08E]]>
              </value>
            </param>
            <param index="1">
              <value>
                <![CDATA[FF]]>
              </value>
            </param>
            <param index="2">
              <value>
                <![CDATA[Y]]>
              </value>
            </param>
          </params>
          <reporter-output>
          </reporter-output>
        </test-method> <!-- NavigatetoXero_ID01A -->
        <test-method status="PASS" signature="NavigatetoXero_ID01A(java.lang.String, java.lang.String, java.lang.String)[pri:0, instance:com.testing.XeroAutomationSelenium.TestScriptsXero@6e06451e]" name="NavigatetoXero_ID01A" duration-ms="0" started-at="2018-04-15T19:16:53Z" data-provider="getDataFromExcel" finished-at="2018-04-15T19:16:53Z">
          <params>
            <param index="0">
              <value>
                <![CDATA[addOrganizationQuickBooks_ID08F]]>
              </value>
            </param>
            <param index="1">
              <value>
                <![CDATA[FF]]>
              </value>
            </param>
            <param index="2">
              <value>
                <![CDATA[Y]]>
              </value>
            </param>
          </params>
          <reporter-output>
          </reporter-output>
        </test-method> <!-- NavigatetoXero_ID01A -->
        <test-method status="PASS" signature="NavigatetoXero_ID01A(java.lang.String, java.lang.String, java.lang.String)[pri:0, instance:com.testing.XeroAutomationSelenium.TestScriptsXero@6e06451e]" name="NavigatetoXero_ID01A" duration-ms="0" started-at="2018-04-15T19:16:53Z" data-provider="getDataFromExcel" finished-at="2018-04-15T19:16:53Z">
          <params>
            <param index="0">
              <value>
                <![CDATA[checkBillingInfo_ID10]]>
              </value>
            </param>
            <param index="1">
              <value>
                <![CDATA[FF]]>
              </value>
            </param>
            <param index="2">
              <value>
                <![CDATA[Y]]>
              </value>
            </param>
          </params>
          <reporter-output>
          </reporter-output>
        </test-method> <!-- NavigatetoXero_ID01A -->
        <test-method status="PASS" signature="addOrganizationPaid_ID08B(java.lang.String, java.lang.String, java.lang.String)[pri:0, instance:com.testing.XeroAutomationSelenium.TestScriptsXero@6e06451e]" name="addOrganizationPaid_ID08B" duration-ms="1" started-at="2018-04-15T19:16:53Z" data-provider="getDataFromExcel" finished-at="2018-04-15T19:16:53Z">
          <params>
            <param index="0">
              <value is-null="true"/>
            </param>
            <param index="1">
              <value is-null="true"/>
            </param>
            <param index="2">
              <value is-null="true"/>
            </param>
          </params>
          <reporter-output>
          </reporter-output>
        </test-method> <!-- addOrganizationPaid_ID08B -->
        <test-method status="PASS" signature="addOrganizationPaid_ID08B(java.lang.String, java.lang.String, java.lang.String)[pri:0, instance:com.testing.XeroAutomationSelenium.TestScriptsXero@6e06451e]" name="addOrganizationPaid_ID08B" duration-ms="1" started-at="2018-04-15T19:16:53Z" data-provider="getDataFromExcel" finished-at="2018-04-15T19:16:53Z">
          <params>
            <param index="0">
              <value>
                <![CDATA[NavigatetoXero_ID01A]]>
              </value>
            </param>
            <param index="1">
              <value>
                <![CDATA[Opera]]>
              </value>
            </param>
            <param index="2">
              <value>
                <![CDATA[Y]]>
              </value>
            </param>
          </params>
          <reporter-output>
          </reporter-output>
        </test-method> <!-- addOrganizationPaid_ID08B -->
        <test-method status="PASS" signature="addOrganizationPaid_ID08B(java.lang.String, java.lang.String, java.lang.String)[pri:0, instance:com.testing.XeroAutomationSelenium.TestScriptsXero@6e06451e]" name="addOrganizationPaid_ID08B" duration-ms="1" started-at="2018-04-15T19:16:53Z" data-provider="getDataFromExcel" finished-at="2018-04-15T19:16:53Z">
          <params>
            <param index="0">
              <value>
                <![CDATA[NavigatetoXero_ID01A]]>
              </value>
            </param>
            <param index="1">
              <value>
                <![CDATA[Chrome]]>
              </value>
            </param>
            <param index="2">
              <value>
                <![CDATA[Y]]>
              </value>
            </param>
          </params>
          <reporter-output>
          </reporter-output>
        </test-method> <!-- addOrganizationPaid_ID08B -->
        <test-method status="PASS" signature="addOrganizationPaid_ID08B(java.lang.String, java.lang.String, java.lang.String)[pri:0, instance:com.testing.XeroAutomationSelenium.TestScriptsXero@6e06451e]" name="addOrganizationPaid_ID08B" duration-ms="1" started-at="2018-04-15T19:16:53Z" data-provider="getDataFromExcel" finished-at="2018-04-15T19:16:53Z">
          <params>
            <param index="0">
              <value>
                <![CDATA[IncorrectPassword_ID01B]]>
              </value>
            </param>
            <param index="1">
              <value>
                <![CDATA[Opera]]>
              </value>
            </param>
            <param index="2">
              <value>
                <![CDATA[Y]]>
              </value>
            </param>
          </params>
          <reporter-output>
          </reporter-output>
        </test-method> <!-- addOrganizationPaid_ID08B -->
        <test-method status="PASS" signature="addOrganizationPaid_ID08B(java.lang.String, java.lang.String, java.lang.String)[pri:0, instance:com.testing.XeroAutomationSelenium.TestScriptsXero@6e06451e]" name="addOrganizationPaid_ID08B" duration-ms="1" started-at="2018-04-15T19:16:53Z" data-provider="getDataFromExcel" finished-at="2018-04-15T19:16:53Z">
          <params>
            <param index="0">
              <value>
                <![CDATA[IncorrectEmail_ID01C]]>
              </value>
            </param>
            <param index="1">
              <value>
                <![CDATA[FF]]>
              </value>
            </param>
[...]
            <param index="0">
              <value>
                <![CDATA[checkBillingInfo_ID10]]>
              </value>
            </param>
            <param index="1">
              <value>
                <![CDATA[FF]]>
              </value>
            </param>
            <param index="2">
              <value>
                <![CDATA[Y]]>
              </value>
            </param>
          </params>
          <reporter-output>
          </reporter-output>
        </test-method> <!-- testAllTabsPage_ID03A -->
        <test-method status="PASS" signature="uploadProfileImage_ID06A(java.lang.String, java.lang.String, java.lang.String)[pri:0, instance:com.testing.XeroAutomationSelenium.TestScriptsXero@6e06451e]" name="uploadProfileImage_ID06A" duration-ms="0" started-at="2018-04-15T19:24:37Z" data-provider="getDataFromExcel" finished-at="2018-04-15T19:24:37Z">
          <params>
            <param index="0">
              <value is-null="true"/>
            </param>
            <param index="1">
              <value is-null="true"/>
            </param>
            <param index="2">
              <value is-null="true"/>
            </param>
          </params>
          <reporter-output>
          </reporter-output>
        </test-method> <!-- uploadProfileImage_ID06A -->
        <test-method status="PASS" signature="uploadProfileImage_ID06A(java.lang.String, java.lang.String, java.lang.String)[pri:0, instance:com.testing.XeroAutomationSelenium.TestScriptsXero@6e06451e]" name="uploadProfileImage_ID06A" duration-ms="1" started-at="2018-04-15T19:24:37Z" data-provider="getDataFromExcel" finished-at="2018-04-15T19:24:37Z">
          <params>
            <param index="0">
              <value>
                <![CDATA[NavigatetoXero_ID01A]]>
              </value>
            </param>
            <param index="1">
              <value>
                <![CDATA[Opera]]>
              </value>
            </param>
            <param index="2">
              <value>
                <![CDATA[Y]]>
              </value>
            </param>
          </params>
          <reporter-output>
          </reporter-output>
        </test-method> <!-- uploadProfileImage_ID06A -->
        <test-method status="PASS" signature="uploadProfileImage_ID06A(java.lang.String, java.lang.String, java.lang.String)[pri:0, instance:com.testing.XeroAutomationSelenium.TestScriptsXero@6e06451e]" name="uploadProfileImage_ID06A" duration-ms="13" started-at="2018-04-15T19:24:37Z" data-provider="getDataFromExcel" finished-at="2018-04-15T19:24:37Z">
          <params>
            <param index="0">
              <value>
                <![CDATA[IncorrectPassword_ID01B]]>
              </value>
            </param>
            <param index="1">
              <value>
                <![CDATA[Opera]]>
              </value>
            </param>
            <param index="2">
              <value>
                <![CDATA[Y]]>
              </value>
            </param>
          </params>
          <reporter-output>
          </reporter-output>
        </test-method> <!-- uploadProfileImage_ID06A -->
        <test-method status="PASS" signature="uploadProfileImage_ID06A(java.lang.String, java.lang.String, java.lang.String)[pri:0, instance:com.testing.XeroAutomationSelenium.TestScriptsXero@6e06451e]" name="uploadProfileImage_ID06A" duration-ms="0" started-at="2018-04-15T19:24:37Z" data-provider="getDataFromExcel" finished-at="2018-04-15T19:24:37Z">
          <params>
            <param index="0">
              <value>
                <![CDATA[NavigatetoXero_ID01A]]>
              </value>
            </param>
            <param index="1">
              <value>
                <![CDATA[Chrome]]>
              </value>
            </param>
            <param index="2">
              <value>
                <![CDATA[Y]]>
              </value>
            </param>
          </params>
          <reporter-output>
          </reporter-output>
        </test-method> <!-- uploadProfileImage_ID06A -->
        <test-method status="PASS" signature="uploadProfileImage_ID06A(java.lang.String, java.lang.String, java.lang.String)[pri:0, instance:com.testing.XeroAutomationSelenium.TestScriptsXero@6e06451e]" name="uploadProfileImage_ID06A" duration-ms="0" started-at="2018-04-15T19:24:37Z" data-provider="getDataFromExcel" finished-at="2018-04-15T19:24:37Z">
          <params>
            <param index="0">
              <value>
                <![CDATA[IncorrectEmail_ID01C]]>
              </value>
            </param>
            <param index="1">
              <value>
                <![CDATA[FF]]>
              </value>
            </param>
            <param index="2">
              <value>
                <![CDATA[Y]]>
              </value>
            </param>
          </params>
          <reporter-output>
          </reporter-output>
        </test-method> <!-- uploadProfileImage_ID06A -->
        <test-method status="PASS" signature="uploadProfileImage_ID06A(java.lang.String, java.lang.String, java.lang.String)[pri:0, instance:com.testing.XeroAutomationSelenium.TestScriptsXero@6e06451e]" name="uploadProfileImage_ID06A" duration-ms="0" started-at="2018-04-15T19:24:37Z" data-provider="getDataFromExcel" finished-at="2018-04-15T19:24:37Z">
          <params>
            <param index="0">
              <value>
                <![CDATA[NavigateToXero_ID01D]]>
              </value>
            </param>
            <param index="1">
              <value>
                <![CDATA[FF]]>
              </value>
            </param>
            <param index="2">
              <value>
                <![CDATA[Y]]>
              </value>
            </param>
          </params>
          <reporter-output>
          </reporter-output>
        </test-method> <!-- uploadProfileImage_ID06A -->
        <test-method status="PASS" signature="uploadProfileImage_ID06A(java.lang.String, java.lang.String, java.lang.String)[pri:0, instance:com.testing.XeroAutomationSelenium.TestScriptsXero@6e06451e]" name="uploadProfileImage_ID06A" duration-ms="1" started-at="2018-04-15T19:24:37Z" data-provider="getDataFromExcel" finished-at="2018-04-15T19:24:37Z">
          <params>
            <param index="0">
              <value>
                <![CDATA[signUpToXDC_ID02A]]>
              </value>
            </param>
            <param index="1">
              <value>
                <![CDATA[Chrome]]>
              </value>
            </param>
            <param index="2">
              <value>
                <![CDATA[N]]>
              </value>
            </param>
          </params>
          <reporter-output>
          </reporter-output>
        </test-method> <!-- uploadProfileImage_ID06A -->
        <test-method status="PASS" signature="uploadProfileImage_ID06A(java.lang.String, java.lang.String, java.lang.String)[pri:0, instance:com.testing.XeroAutomationSelenium.TestScriptsXero@6e06451e]" name="uploadProfileImage_ID06A" duration-ms="0" started-at="2018-04-15T19:24:37Z" data-provider="getDataFromExcel" finished-at="2018-04-15T19:24:37Z">
          <params>
            <param index="0">
              <value>
                <![CDATA[signUpToXDC_ID02B]]>
              </value>
            </param>
            <param index="1">
              <value>
                <![CDATA[FF]]>
              </value>
            </param>
            <param index="2">
              <value>
                <![CDATA[N]]>
              </value>
            </param>
          </params>
          <reporter-output>
          </reporter-output>
        </test-method> <!-- uploadProfileImage_ID06A -->
        <test-method status="PASS" signature="uploadProfileImage_ID06A(java.lang.String, java.lang.String, java.lang.String)[pri:0, instance:com.testing.XeroAutomationSelenium.TestScriptsXero@6e06451e]" name="uploadProfileImage_ID06A" duration-ms="1" started-at="2018-04-15T19:24:37Z" data-provider="getDataFromExcel" finished-at="2018-04-15T19:24:37Z">
          <params>
            <param index="0">
              <value>
                <![CDATA[signUpToXDC_ID02D]]>
              </value>
            </param>
            <param index="1">
              <value>
                <![CDATA[FF]]>
              </value>
            </param>
            <param index="2">
              <value>
                <![CDATA[Y]]>
              </value>
            </param>
          </params>
          <reporter-output>
          </reporter-output>
        </test-method> <!-- uploadProfileImage_ID06A -->
        <test-method status="PASS" signature="uploadProfileImage_ID06A(java.lang.String, java.lang.String, java.lang.String)[pri:0, instance:com.testing.XeroAutomationSelenium.TestScriptsXero@6e06451e]" name="uploadProfileImage_ID06A" duration-ms="0" started-at="2018-04-15T19:24:37Z" data-provider="getDataFromExcel" finished-at="2018-04-15T19:24:37Z">
          <params>
            <param index="0">
              <value>
                <![CDATA[signUpToXDC_ID02C]]>
              </value>
            </param>
            <param index="1">
              <value>
                <![CDATA[FF]]>
              </value>
            </param>
            <param index="2">
              <value>
                <![CDATA[Y]]>
              </value>
            </param>
          </params>
          <reporter-output>
          </reporter-output>
        </test-method> <!-- uploadProfileImage_ID06A -->
        <test-method status="PASS" signature="uploadProfileImage_ID06A(java.lang.String, java.lang.String, java.lang.String)[pri:0, instance:com.testing.XeroAutomationSelenium.TestScriptsXero@6e06451e]" name="uploadProfileImage_ID06A" duration-ms="1" started-at="2018-04-15T19:24:37Z" data-provider="getDataFromExcel" finished-at="2018-04-15T19:24:37Z">
          <params>
            <param index="0">
              <value>
                <![CDATA[signUpToXDC_ID02E]]>
              </value>
            </param>
            <param index="1">
              <value>
                <![CDATA[FF]]>
              </value>
            </param>
            <param index="2">
              <value>
                <![CDATA[Y]]>
              </value>
            </param>
          </params>
          <reporter-output>
          </reporter-output>
        </test-method> <!-- uploadProfileImage_ID06A -->
        <test-method status="PASS" signature="uploadProfileImage_ID06A(java.lang.String, java.lang.String, java.lang.String)[pri:0, instance:com.testing.XeroAutomationSelenium.TestScriptsXero@6e06451e]" name="uploadProfileImage_ID06A" duration-ms="1" started-at="2018-04-15T19:24:37Z" data-provider="getDataFromExcel" finished-at="2018-04-15T19:24:37Z">
          <params>
            <param index="0">
              <value>
                <![CDATA[testAllTabsPage_ID03A]]>
              </value>
            </param>
            <param index="1">
              <value>
                <![CDATA[FF]]>
              </value>
            </param>
            <param index="2">
              <value>
                <![CDATA[Y]]>
              </value>
            </param>
          </params>
          <reporter-output>
          </reporter-output>
        </test-method> <!-- uploadProfileImage_ID06A -->
        <test-method status="PASS" signature="uploadProfileImage_ID06A(java.lang.String, java.lang.String, java.lang.String)[pri:0, instance:com.testing.XeroAutomationSelenium.TestScriptsXero@6e06451e]" name="uploadProfileImage_ID06A" duration-ms="1" started-at="2018-04-15T19:24:37Z" data-provider="getDataFromExcel" finished-at="2018-04-15T19:24:37Z">
          <params>
            <param index="0">
              <value>
                <![CDATA[logoutFuctionality_ID04A]]>
              </value>
            </param>
            <param index="1">
              <value>
                <![CDATA[FF]]>
              </value>
            </param>
            <param index="2">
              <value>
                <![CDATA[Y]]>
              </value>
            </param>
          </params>
          <reporter-output>
          </reporter-output>
        </test-method> <!-- uploadProfileImage_ID06A -->
        <test-method status="PASS" signature="uploadProfileImage_ID06A(java.lang.String, java.lang.String, java.lang.String)[pri:0, instance:com.testing.XeroAutomationSelenium.TestScriptsXero@6e06451e]" name="uploadProfileImage_ID06A" duration-ms="40818" started-at="2018-04-15T19:24:37Z" data-provider="getDataFromExcel" finished-at="2018-04-15T19:25:18Z">
          <params>
            <param index="0">
              <value>
                <![CDATA[uploadProfileImage_ID06A]]>
              </value>
            </param>
            <param index="1">
              <value>
                <![CDATA[FF]]>
              </value>
            </param>
            <param index="2">
              <value>
                <![CDATA[Y]]>
              </value>
            </param>
          </params>
          <reporter-output>
          </reporter-output>
        </test-method> <!-- uploadProfileImage_ID06A -->
        <test-method status="PASS" signature="uploadProfileImage_ID06A(java.lang.String, java.lang.String, java.lang.String)[pri:0, instance:com.testing.XeroAutomationSelenium.TestScriptsXero@6e06451e]" name="uploadProfileImage_ID06A" duration-ms="2" started-at="2018-04-15T19:25:18Z" data-provider="getDataFromExcel" finished-at="2018-04-15T19:25:18Z">
          <params>
            <param index="0">
              <value>
                <![CDATA[addOrganizationTrial_ID08A]]>
              </value>
            </param>
            <param index="1">
              <value>
                <![CDATA[FF]]>
              </value>
            </param>
            <param index="2">
              <value>
                <![CDATA[Y]]>
              </value>
            </param>
          </params>
          <reporter-output>
          </reporter-output>
        </test-method> <!-- uploadProfileImage_ID06A -->
        <test-method status="PASS" signature="uploadProfileImage_ID06A(java.lang.String, java.lang.String, java.lang.String)[pri:0, instance:com.testing.XeroAutomationSelenium.TestScriptsXero@6e06451e]" name="uploadProfileImage_ID06A" duration-ms="2" started-at="2018-04-15T19:25:18Z" data-provider="getDataFromExcel" finished-at="2018-04-15T19:25:18Z">
          <params>
            <param index="0">
              <value>
                <![CDATA[addOrganizationPaid_ID08B]]>
              </value>
            </param>
            <param index="1">
              <value>
                <![CDATA[FF]]>
              </value>
            </param>
            <param index="2">
              <value>
                <![CDATA[Y]]>
              </value>
            </param>
          </params>
          <reporter-output>
          </reporter-output>
        </test-method> <!-- uploadProfileImage_ID06A -->
        <test-method status="PASS" signature="uploadProfileImage_ID06A(java.lang.String, java.lang.String, java.lang.String)[pri:0, instance:com.testing.XeroAutomationSelenium.TestScriptsXero@6e06451e]" name="uploadProfileImage_ID06A" duration-ms="1" started-at="2018-04-15T19:25:18Z" data-provider="getDataFromExcel" finished-at="2018-04-15T19:25:18Z">
          <params>
            <param index="0">
              <value>
                <![CDATA[addOrganizationStarterPlan_ID08C]]>
              </value>
            </param>
            <param index="1">
              <value>
                <![CDATA[FF]]>
              </value>
            </param>
            <param index="2">
              <value>
                <![CDATA[Y]]>
              </value>
            </param>
          </params>
          <reporter-output>
          </reporter-output>
        </test-method> <!-- uploadProfileImage_ID06A -->
        <test-method status="PASS" signature="uploadProfileImage_ID06A(java.lang.String, java.lang.String, java.lang.String)[pri:0, instance:com.testing.XeroAutomationSelenium.TestScriptsXero@6e06451e]" name="uploadProfileImage_ID06A" duration-ms="0" started-at="2018-04-15T19:25:18Z" data-provider="getDataFromExcel" finished-at="2018-04-15T19:25:18Z">
          <params>
            <param index="0">
              <value>
                <![CDATA[addOrganizationStandardPlan_ID08D]]>
              </value>
            </param>
            <param index="1">
              <value>
                <![CDATA[FF]]>
              </value>
            </param>
            <param index="2">
              <value>
                <![CDATA[Y]]>
              </value>
            </param>
          </params>
          <reporter-output>
          </reporter-output>
        </test-method> <!-- uploadProfileImage_ID06A -->
        <test-method status="PASS" signature="uploadProfileImage_ID06A(java.lang.String, java.lang.String, java.lang.String)[pri:0, instance:com.testing.XeroAutomationSelenium.TestScriptsXero@6e06451e]" name="uploadProfileImage_ID06A" duration-ms="0" started-at="2018-04-15T19:25:18Z" data-provider="getDataFromExcel" finished-at="2018-04-15T19:25:18Z">
          <params>
            <param index="0">
              <value>
                <![CDATA[addOrganizationPremiumPlan_ID08E]]>
              </value>
            </param>
            <param index="1">
              <value>
                <![CDATA[FF]]>
              </value>
            </param>
            <param index="2">
              <value>
                <![CDATA[Y]]>
              </value>
            </param>
          </params>
          <reporter-output>
          </reporter-output>
        </test-method> <!-- uploadProfileImage_ID06A -->
        <test-method status="PASS" signature="uploadProfileImage_ID06A(java.lang.String, java.lang.String, java.lang.String)[pri:0, instance:com.testing.XeroAutomationSelenium.TestScriptsXero@6e06451e]" name="uploadProfileImage_ID06A" duration-ms="1" started-at="2018-04-15T19:25:18Z" data-provider="getDataFromExcel" finished-at="2018-04-15T19:25:18Z">
          <params>
            <param index="0">
              <value>
                <![CDATA[addOrganizationQuickBooks_ID08F]]>
              </value>
            </param>
            <param index="1">
              <value>
                <![CDATA[FF]]>
              </value>
            </param>
            <param index="2">
              <value>
                <![CDATA[Y]]>
              </value>
            </param>
          </params>
          <reporter-output>
          </reporter-output>
        </test-method> <!-- uploadProfileImage_ID06A -->
        <test-method status="PASS" signature="uploadProfileImage_ID06A(java.lang.String, java.lang.String, java.lang.String)[pri:0, instance:com.testing.XeroAutomationSelenium.TestScriptsXero@6e06451e]" name="uploadProfileImage_ID06A" duration-ms="1" started-at="2018-04-15T19:25:18Z" data-provider="getDataFromExcel" finished-at="2018-04-15T19:25:18Z">
          <params>
            <param index="0">
              <value>
                <![CDATA[checkBillingInfo_ID10]]>
              </value>
            </param>
            <param index="1">
              <value>
                <![CDATA[FF]]>
              </value>
            </param>
            <param index="2">
              <value>
                <![CDATA[Y]]>
              </value>
            </param>
          </params>
          <reporter-output>
          </reporter-output>
        </test-method> <!-- uploadProfileImage_ID06A -->
        <test-method status="PASS" signature="AfterTest()[pri:0, instance:com.testing.XeroAutomationSelenium.TestScriptsXero@6e06451e]" name="AfterTest" is-config="true" duration-ms="1323" started-at="2018-04-15T19:25:18Z" finished-at="2018-04-15T19:25:19Z">
          <reporter-output>
          </reporter-output>
        </test-method> <!-- AfterTest -->
      </class> <!-- com.testing.XeroAutomationSelenium.TestScriptsXero -->
    </test> <!-- Default test -->
  </suite> <!-- Default suite -->
</testng-results>
